<?xml version="1.0" encoding="UTF-8"?>
<!-- Generated by org.testng.reporters.JUnitXMLReporter -->
<testsuite ignored="0" hostname="Gopis-MacBook-Pro.local" failures="0" tests="1" name="emulator-5556" time="9.389" errors="0" timestamp="2023-03-10T23:15:02 IST">
  <testcase classname="com.kiddo.Driver.BaseTest" name="@BeforeMethod setup" time="6.642">
    <failure type="java.lang.NullPointerException">
      <![CDATA[java.lang.NullPointerException
at java.base/java.util.Objects.requireNonNull(Objects.java:208)
at org.openqa.selenium.support.ui.FluentWait.<init>(FluentWait.java:106)
at org.openqa.selenium.support.ui.WebDriverWait.<init>(WebDriverWait.java:85)
at org.openqa.selenium.support.ui.WebDriverWait.<init>(WebDriverWait.java:45)
at com.kiddo.Driver.BaseTest.setup(BaseTest.java:50)
at java.base/java.util.ArrayList.forEach(ArrayList.java:1511)
at java.base/java.util.concurrent.FutureTask.run(FutureTask.java:264)
at java.base/java.util.concurrent.ThreadPoolExecutor.runWorker(ThreadPoolExecutor.java:1130)
at java.base/java.util.concurrent.ThreadPoolExecutor$Worker.run(ThreadPoolExecutor.java:630)
at java.base/java.lang.Thread.run(Thread.java:831)
... Removed 22 stack frames]]>
    </failure>
  </testcase> <!-- @BeforeMethod setup -->
  <testcase classname="com.kiddo.Driver.BaseTest" name="@AfterMethod teardown" time="-1.678470295042E9">
    <skipped/>
  </testcase> <!-- @AfterMethod teardown -->
  <testcase classname="com.kiddo.Driver.TestRunner" name="scenario" time="0.0">
    <skipped/>
  </testcase> <!-- scenario -->
</testsuite> <!-- emulator-5556 -->
